{"C:\\Users\\macie\\10xdevs\\masz-pan\\src\\components\\auth\\LoginForm.tsx": {"path":"C:\\Users\\macie\\10xdevs\\masz-pan\\src\\components\\auth\\LoginForm.tsx","statementMap":{"0":{"start":{"line":8,"column":24},"end":{"line":8,"column":null}},"1":{"start":{"line":9,"column":30},"end":{"line":9,"column":null}},"2":{"start":{"line":10,"column":24},"end":{"line":10,"column":null}},"3":{"start":{"line":11,"column":28},"end":{"line":11,"column":null}},"4":{"start":{"line":13,"column":23},"end":{"line":34,"column":null}},"5":{"start":{"line":14,"column":4},"end":{"line":14,"column":null}},"6":{"start":{"line":15,"column":4},"end":{"line":15,"column":null}},"7":{"start":{"line":16,"column":4},"end":{"line":16,"column":null}},"8":{"start":{"line":18,"column":21},"end":{"line":24,"column":null}},"9":{"start":{"line":26,"column":4},"end":{"line":26,"column":null}},"10":{"start":{"line":28,"column":4},"end":{"line":33,"column":null}},"11":{"start":{"line":29,"column":6},"end":{"line":29,"column":null}},"12":{"start":{"line":31,"column":19},"end":{"line":31,"column":null}},"13":{"start":{"line":32,"column":6},"end":{"line":32,"column":null}},"14":{"start":{"line":36,"column":2},"end":{"line":81,"column":null}},"15":{"start":{"line":51,"column":33},"end":{"line":51,"column":null}},"16":{"start":{"line":62,"column":33},"end":{"line":62,"column":null}}},"fnMap":{"0":{"name":"LoginForm","decl":{"start":{"line":7,"column":16},"end":{"line":7,"column":28}},"loc":{"start":{"line":7,"column":28},"end":{"line":83,"column":null}},"line":7},"1":{"name":"(anonymous_1)","decl":{"start":{"line":13,"column":23},"end":{"line":13,"column":30}},"loc":{"start":{"line":13,"column":53},"end":{"line":34,"column":null}},"line":13},"2":{"name":"(anonymous_2)","decl":{"start":{"line":51,"column":26},"end":{"line":51,"column":27}},"loc":{"start":{"line":51,"column":33},"end":{"line":51,"column":null}},"line":51},"3":{"name":"(anonymous_3)","decl":{"start":{"line":62,"column":26},"end":{"line":62,"column":27}},"loc":{"start":{"line":62,"column":33},"end":{"line":62,"column":null}},"line":62}},"branchMap":{"0":{"loc":{"start":{"line":28,"column":4},"end":{"line":33,"column":null}},"type":"if","locations":[{"start":{"line":28,"column":4},"end":{"line":33,"column":null}},{"start":{"line":30,"column":11},"end":{"line":33,"column":null}}],"line":28},"1":{"loc":{"start":{"line":32,"column":15},"end":{"line":32,"column":57}},"type":"binary-expr","locations":[{"start":{"line":32,"column":15},"end":{"line":32,"column":29}},{"start":{"line":32,"column":29},"end":{"line":32,"column":57}}],"line":32},"2":{"loc":{"start":{"line":67,"column":11},"end":{"line":67,"column":null}},"type":"binary-expr","locations":[{"start":{"line":67,"column":11},"end":{"line":67,"column":20}},{"start":{"line":67,"column":20},"end":{"line":67,"column":null}}],"line":67},"3":{"loc":{"start":{"line":69,"column":13},"end":{"line":69,"column":null}},"type":"cond-expr","locations":[{"start":{"line":69,"column":23},"end":{"line":69,"column":40}},{"start":{"line":69,"column":40},"end":{"line":69,"column":null}}],"line":69}},"s":{"0":123,"1":123,"2":123,"3":123,"4":123,"5":3,"6":3,"7":3,"8":3,"9":3,"10":3,"11":1,"12":2,"13":2,"14":123,"15":64,"16":48},"f":{"0":123,"1":3,"2":64,"3":48},"b":{"0":[1,2],"1":[2,1],"2":[123,2],"3":[3,120]},"meta":{"lastBranch":4,"lastFunction":4,"lastStatement":17,"seen":{"f:7:16:7:28":0,"s:8:24:8:Infinity":0,"s:9:30:9:Infinity":1,"s:10:24:10:Infinity":2,"s:11:28:11:Infinity":3,"s:13:23:34:Infinity":4,"f:13:23:13:30":1,"s:14:4:14:Infinity":5,"s:15:4:15:Infinity":6,"s:16:4:16:Infinity":7,"s:18:21:24:Infinity":8,"s:26:4:26:Infinity":9,"b:28:4:33:Infinity:30:11:33:Infinity":0,"s:28:4:33:Infinity":10,"s:29:6:29:Infinity":11,"s:31:19:31:Infinity":12,"s:32:6:32:Infinity":13,"b:32:15:32:29:32:29:32:57":1,"s:36:2:81:Infinity":14,"f:51:26:51:27":2,"s:51:33:51:Infinity":15,"f:62:26:62:27":3,"s:62:33:62:Infinity":16,"b:67:11:67:20:67:20:67:Infinity":2,"b:69:23:69:40:69:40:69:Infinity":3}}}
,"C:\\Users\\macie\\10xdevs\\masz-pan\\src\\components\\hooks\\useMyToolsManager.ts": {"path":"C:\\Users\\macie\\10xdevs\\masz-pan\\src\\components\\hooks\\useMyToolsManager.ts","statementMap":{"0":{"start":{"line":19,"column":30},"end":{"line":30,"column":null}},"1":{"start":{"line":19,"column":75},"end":{"line":30,"column":null}},"2":{"start":{"line":32,"column":19},"end":{"line":32,"column":null}},"3":{"start":{"line":34,"column":33},"end":{"line":149,"column":null}},"4":{"start":{"line":35,"column":24},"end":{"line":35,"column":null}},"5":{"start":{"line":36,"column":38},"end":{"line":36,"column":null}},"6":{"start":{"line":37,"column":32},"end":{"line":37,"column":null}},"7":{"start":{"line":38,"column":24},"end":{"line":38,"column":null}},"8":{"start":{"line":39,"column":34},"end":{"line":39,"column":null}},"9":{"start":{"line":40,"column":36},"end":{"line":40,"column":null}},"10":{"start":{"line":41,"column":40},"end":{"line":41,"column":null}},"11":{"start":{"line":43,"column":8},"end":{"line":63,"column":null}},"12":{"start":{"line":44,"column":4},"end":{"line":44,"column":null}},"13":{"start":{"line":45,"column":4},"end":{"line":45,"column":null}},"14":{"start":{"line":46,"column":4},"end":{"line":62,"column":null}},"15":{"start":{"line":47,"column":21},"end":{"line":51,"column":null}},"16":{"start":{"line":53,"column":25},"end":{"line":53,"column":null}},"17":{"start":{"line":55,"column":6},"end":{"line":55,"column":null}},"18":{"start":{"line":55,"column":31},"end":{"line":55,"column":83}},"19":{"start":{"line":56,"column":6},"end":{"line":56,"column":null}},"20":{"start":{"line":57,"column":6},"end":{"line":57,"column":null}},"21":{"start":{"line":59,"column":6},"end":{"line":59,"column":null}},"22":{"start":{"line":61,"column":6},"end":{"line":61,"column":null}},"23":{"start":{"line":65,"column":8},"end":{"line":73,"column":null}},"24":{"start":{"line":67,"column":6},"end":{"line":67,"column":null}},"25":{"start":{"line":68,"column":6},"end":{"line":68,"column":null}},"26":{"start":{"line":69,"column":6},"end":{"line":69,"column":null}},"27":{"start":{"line":70,"column":6},"end":{"line":70,"column":null}},"28":{"start":{"line":75,"column":8},"end":{"line":79,"column":null}},"29":{"start":{"line":76,"column":4},"end":{"line":78,"column":null}},"30":{"start":{"line":77,"column":6},"end":{"line":77,"column":null}},"31":{"start":{"line":81,"column":8},"end":{"line":111,"column":null}},"32":{"start":{"line":84,"column":28},"end":{"line":84,"column":null}},"33":{"start":{"line":86,"column":6},"end":{"line":100,"column":null}},"34":{"start":{"line":87,"column":8},"end":{"line":99,"column":null}},"35":{"start":{"line":88,"column":10},"end":{"line":97,"column":null}},"36":{"start":{"line":89,"column":12},"end":{"line":96,"column":null}},"37":{"start":{"line":98,"column":10},"end":{"line":98,"column":null}},"38":{"start":{"line":101,"column":6},"end":{"line":108,"column":null}},"39":{"start":{"line":102,"column":8},"end":{"line":102,"column":null}},"40":{"start":{"line":104,"column":8},"end":{"line":104,"column":null}},"41":{"start":{"line":106,"column":8},"end":{"line":106,"column":null}},"42":{"start":{"line":113,"column":8},"end":{"line":115,"column":null}},"43":{"start":{"line":114,"column":4},"end":{"line":114,"column":null}},"44":{"start":{"line":117,"column":8},"end":{"line":119,"column":null}},"45":{"start":{"line":118,"column":4},"end":{"line":118,"column":null}},"46":{"start":{"line":121,"column":8},"end":{"line":128,"column":null}},"47":{"start":{"line":122,"column":4},"end":{"line":127,"column":null}},"48":{"start":{"line":123,"column":6},"end":{"line":123,"column":null}},"49":{"start":{"line":124,"column":6},"end":{"line":124,"column":null}},"50":{"start":{"line":126,"column":6},"end":{"line":126,"column":null}},"51":{"start":{"line":126,"column":25},"end":{"line":126,"column":70}},"52":{"start":{"line":126,"column":44},"end":{"line":126,"column":69}},"53":{"start":{"line":131,"column":2},"end":{"line":133,"column":null}},"54":{"start":{"line":132,"column":4},"end":{"line":132,"column":null}},"55":{"start":{"line":135,"column":2},"end":{"line":148,"column":null}}},"fnMap":{"0":{"name":"(anonymous_0)","decl":{"start":{"line":19,"column":30},"end":{"line":19,"column":31}},"loc":{"start":{"line":19,"column":75},"end":{"line":30,"column":null}},"line":19},"1":{"name":"(anonymous_1)","decl":{"start":{"line":34,"column":33},"end":{"line":34,"column":39}},"loc":{"start":{"line":34,"column":39},"end":{"line":149,"column":null}},"line":34},"2":{"name":"(anonymous_2)","decl":{"start":{"line":43,"column":33},"end":{"line":43,"column":40}},"loc":{"start":{"line":43,"column":94},"end":{"line":63,"column":5}},"line":43},"3":{"name":"(anonymous_3)","decl":{"start":{"line":55,"column":15},"end":{"line":55,"column":16}},"loc":{"start":{"line":55,"column":31},"end":{"line":55,"column":83}},"line":55},"4":{"name":"(anonymous_4)","decl":{"start":{"line":66,"column":4},"end":{"line":66,"column":5}},"loc":{"start":{"line":66,"column":39},"end":{"line":71,"column":null}},"line":66},"5":{"name":"(anonymous_5)","decl":{"start":{"line":75,"column":31},"end":{"line":75,"column":37}},"loc":{"start":{"line":75,"column":37},"end":{"line":79,"column":5}},"line":75},"6":{"name":"(anonymous_6)","decl":{"start":{"line":82,"column":4},"end":{"line":82,"column":11}},"loc":{"start":{"line":82,"column":53},"end":{"line":109,"column":null}},"line":82},"7":{"name":"(anonymous_7)","decl":{"start":{"line":86,"column":15},"end":{"line":86,"column":16}},"loc":{"start":{"line":87,"column":8},"end":{"line":99,"column":null}},"line":87},"8":{"name":"(anonymous_8)","decl":{"start":{"line":87,"column":22},"end":{"line":87,"column":23}},"loc":{"start":{"line":87,"column":32},"end":{"line":99,"column":9}},"line":87},"9":{"name":"(anonymous_9)","decl":{"start":{"line":113,"column":40},"end":{"line":113,"column":41}},"loc":{"start":{"line":113,"column":75},"end":{"line":115,"column":5}},"line":113},"10":{"name":"(anonymous_10)","decl":{"start":{"line":117,"column":41},"end":{"line":117,"column":47}},"loc":{"start":{"line":117,"column":47},"end":{"line":119,"column":5}},"line":117},"11":{"name":"(anonymous_11)","decl":{"start":{"line":121,"column":37},"end":{"line":121,"column":49}},"loc":{"start":{"line":121,"column":49},"end":{"line":128,"column":5}},"line":121},"12":{"name":"(anonymous_12)","decl":{"start":{"line":126,"column":15},"end":{"line":126,"column":16}},"loc":{"start":{"line":126,"column":25},"end":{"line":126,"column":70}},"line":126},"13":{"name":"(anonymous_13)","decl":{"start":{"line":126,"column":37},"end":{"line":126,"column":38}},"loc":{"start":{"line":126,"column":44},"end":{"line":126,"column":69}},"line":126},"14":{"name":"(anonymous_14)","decl":{"start":{"line":131,"column":12},"end":{"line":131,"column":18}},"loc":{"start":{"line":131,"column":18},"end":{"line":133,"column":5}},"line":131}},"branchMap":{"0":{"loc":{"start":{"line":50,"column":16},"end":{"line":50,"column":null}},"type":"binary-expr","locations":[{"start":{"line":50,"column":16},"end":{"line":50,"column":26}},{"start":{"line":50,"column":26},"end":{"line":50,"column":null}}],"line":50},"1":{"loc":{"start":{"line":55,"column":31},"end":{"line":55,"column":83}},"type":"cond-expr","locations":[{"start":{"line":55,"column":40},"end":{"line":55,"column":72}},{"start":{"line":55,"column":72},"end":{"line":55,"column":83}}],"line":55},"2":{"loc":{"start":{"line":76,"column":4},"end":{"line":78,"column":null}},"type":"if","locations":[{"start":{"line":76,"column":4},"end":{"line":78,"column":null}},{"start":{},"end":{}}],"line":76},"3":{"loc":{"start":{"line":76,"column":8},"end":{"line":76,"column":35}},"type":"binary-expr","locations":[{"start":{"line":76,"column":8},"end":{"line":76,"column":23}},{"start":{"line":76,"column":23},"end":{"line":76,"column":35}}],"line":76},"4":{"loc":{"start":{"line":88,"column":10},"end":{"line":97,"column":null}},"type":"if","locations":[{"start":{"line":88,"column":10},"end":{"line":97,"column":null}},{"start":{},"end":{}}],"line":88},"5":{"loc":{"start":{"line":122,"column":4},"end":{"line":127,"column":null}},"type":"if","locations":[{"start":{"line":122,"column":4},"end":{"line":127,"column":null}},{"start":{},"end":{}}],"line":122}},"s":{"0":1,"1":13,"2":1,"3":1,"4":33,"5":33,"6":33,"7":33,"8":33,"9":33,"10":33,"11":33,"12":15,"13":15,"14":15,"15":15,"16":14,"17":14,"18":14,"19":14,"20":14,"21":1,"22":15,"23":33,"24":2,"25":2,"26":2,"27":2,"28":33,"29":3,"30":1,"31":33,"32":2,"33":2,"34":2,"35":3,"36":2,"37":1,"38":2,"39":2,"40":1,"41":1,"42":33,"43":2,"44":33,"45":1,"46":33,"47":2,"48":1,"49":1,"50":1,"51":1,"52":2,"53":33,"54":12,"55":33},"f":{"0":13,"1":33,"2":15,"3":14,"4":2,"5":3,"6":2,"7":2,"8":3,"9":2,"10":1,"11":2,"12":1,"13":2,"14":12},"b":{"0":[15,14],"1":[1,13],"2":[1,2],"3":[3,2],"4":[2,1],"5":[1,1]},"meta":{"lastBranch":6,"lastFunction":15,"lastStatement":56,"seen":{"s:19:30:30:Infinity":0,"f:19:30:19:31":0,"s:19:75:30:Infinity":1,"s:32:19:32:Infinity":2,"s:34:33:149:Infinity":3,"f:34:33:34:39":1,"s:35:24:35:Infinity":4,"s:36:38:36:Infinity":5,"s:37:32:37:Infinity":6,"s:38:24:38:Infinity":7,"s:39:34:39:Infinity":8,"s:40:36:40:Infinity":9,"s:41:40:41:Infinity":10,"s:43:8:63:Infinity":11,"f:43:33:43:40":2,"s:44:4:44:Infinity":12,"s:45:4:45:Infinity":13,"s:46:4:62:Infinity":14,"s:47:21:51:Infinity":15,"b:50:16:50:26:50:26:50:Infinity":0,"s:53:25:53:Infinity":16,"s:55:6:55:Infinity":17,"f:55:15:55:16":3,"s:55:31:55:83":18,"b:55:40:55:72:55:72:55:83":1,"s:56:6:56:Infinity":19,"s:57:6:57:Infinity":20,"s:59:6:59:Infinity":21,"s:61:6:61:Infinity":22,"s:65:8:73:Infinity":23,"f:66:4:66:5":4,"s:67:6:67:Infinity":24,"s:68:6:68:Infinity":25,"s:69:6:69:Infinity":26,"s:70:6:70:Infinity":27,"s:75:8:79:Infinity":28,"f:75:31:75:37":5,"b:76:4:78:Infinity:undefined:undefined:undefined:undefined":2,"s:76:4:78:Infinity":29,"b:76:8:76:23:76:23:76:35":3,"s:77:6:77:Infinity":30,"s:81:8:111:Infinity":31,"f:82:4:82:11":6,"s:84:28:84:Infinity":32,"s:86:6:100:Infinity":33,"f:86:15:86:16":7,"s:87:8:99:Infinity":34,"f:87:22:87:23":8,"b:88:10:97:Infinity:undefined:undefined:undefined:undefined":4,"s:88:10:97:Infinity":35,"s:89:12:96:Infinity":36,"s:98:10:98:Infinity":37,"s:101:6:108:Infinity":38,"s:102:8:102:Infinity":39,"s:104:8:104:Infinity":40,"s:106:8:106:Infinity":41,"s:113:8:115:Infinity":42,"f:113:40:113:41":9,"s:114:4:114:Infinity":43,"s:117:8:119:Infinity":44,"f:117:41:117:47":10,"s:118:4:118:Infinity":45,"s:121:8:128:Infinity":46,"f:121:37:121:49":11,"b:122:4:127:Infinity:undefined:undefined:undefined:undefined":5,"s:122:4:127:Infinity":47,"s:123:6:123:Infinity":48,"s:124:6:124:Infinity":49,"s:126:6:126:Infinity":50,"f:126:15:126:16":12,"s:126:25:126:70":51,"f:126:37:126:38":13,"s:126:44:126:69":52,"s:131:2:133:Infinity":53,"f:131:12:131:18":14,"s:132:4:132:Infinity":54,"s:135:2:148:Infinity":55}}}
,"C:\\Users\\macie\\10xdevs\\masz-pan\\src\\components\\ui\\button.tsx": {"path":"C:\\Users\\macie\\10xdevs\\masz-pan\\src\\components\\ui\\button.tsx","statementMap":{"0":{"start":{"line":7,"column":6},"end":{"line":36,"column":null}},"1":{"start":{"line":48,"column":15},"end":{"line":48,"column":null}},"2":{"start":{"line":50,"column":2},"end":{"line":55,"column":null}}},"fnMap":{"0":{"name":"Button","decl":{"start":{"line":38,"column":9},"end":{"line":38,"column":16}},"loc":{"start":{"line":47,"column":5},"end":{"line":57,"column":null}},"line":47}},"branchMap":{"0":{"loc":{"start":{"line":42,"column":2},"end":{"line":42,"column":null}},"type":"default-arg","locations":[{"start":{"line":42,"column":12},"end":{"line":42,"column":null}}],"line":42},"1":{"loc":{"start":{"line":48,"column":15},"end":{"line":48,"column":null}},"type":"cond-expr","locations":[{"start":{"line":48,"column":25},"end":{"line":48,"column":32}},{"start":{"line":48,"column":32},"end":{"line":48,"column":null}}],"line":48}},"s":{"0":2,"1":130,"2":130},"f":{"0":130},"b":{"0":[130],"1":[1,129]},"meta":{"lastBranch":2,"lastFunction":1,"lastStatement":3,"seen":{"s:7:6:36:Infinity":0,"f:38:9:38:16":0,"b:42:12:42:Infinity":0,"s:48:15:48:Infinity":1,"b:48:25:48:32:48:32:48:Infinity":1,"s:50:2:55:Infinity":2}}}
,"C:\\Users\\macie\\10xdevs\\masz-pan\\src\\components\\ui\\card.tsx": {"path":"C:\\Users\\macie\\10xdevs\\masz-pan\\src\\components\\ui\\card.tsx","statementMap":{"0":{"start":{"line":5,"column":13},"end":{"line":17,"column":null}},"1":{"start":{"line":9,"column":2},"end":{"line":16,"column":null}},"2":{"start":{"line":18,"column":0},"end":{"line":18,"column":null}},"3":{"start":{"line":20,"column":19},"end":{"line":29,"column":null}},"4":{"start":{"line":24,"column":2},"end":{"line":28,"column":null}},"5":{"start":{"line":30,"column":0},"end":{"line":30,"column":null}},"6":{"start":{"line":32,"column":18},"end":{"line":41,"column":null}},"7":{"start":{"line":36,"column":2},"end":{"line":40,"column":null}},"8":{"start":{"line":42,"column":0},"end":{"line":42,"column":null}},"9":{"start":{"line":44,"column":24},"end":{"line":53,"column":null}},"10":{"start":{"line":48,"column":2},"end":{"line":52,"column":null}},"11":{"start":{"line":54,"column":0},"end":{"line":54,"column":null}},"12":{"start":{"line":56,"column":20},"end":{"line":61,"column":null}},"13":{"start":{"line":60,"column":2},"end":{"line":60,"column":null}},"14":{"start":{"line":62,"column":0},"end":{"line":62,"column":null}},"15":{"start":{"line":64,"column":19},"end":{"line":73,"column":null}},"16":{"start":{"line":68,"column":2},"end":{"line":72,"column":null}},"17":{"start":{"line":74,"column":0},"end":{"line":74,"column":null}}},"fnMap":{"0":{"name":"(anonymous_0)","decl":{"start":{"line":8,"column":2},"end":{"line":8,"column":3}},"loc":{"start":{"line":9,"column":2},"end":{"line":16,"column":null}},"line":9},"1":{"name":"(anonymous_1)","decl":{"start":{"line":23,"column":2},"end":{"line":23,"column":3}},"loc":{"start":{"line":24,"column":2},"end":{"line":28,"column":null}},"line":24},"2":{"name":"(anonymous_2)","decl":{"start":{"line":35,"column":2},"end":{"line":35,"column":3}},"loc":{"start":{"line":36,"column":2},"end":{"line":40,"column":null}},"line":36},"3":{"name":"(anonymous_3)","decl":{"start":{"line":47,"column":2},"end":{"line":47,"column":3}},"loc":{"start":{"line":48,"column":2},"end":{"line":52,"column":null}},"line":48},"4":{"name":"(anonymous_4)","decl":{"start":{"line":59,"column":2},"end":{"line":59,"column":3}},"loc":{"start":{"line":60,"column":2},"end":{"line":60,"column":null}},"line":60},"5":{"name":"(anonymous_5)","decl":{"start":{"line":67,"column":2},"end":{"line":67,"column":3}},"loc":{"start":{"line":68,"column":2},"end":{"line":72,"column":null}},"line":68}},"branchMap":{},"s":{"0":2,"1":126,"2":2,"3":2,"4":125,"5":2,"6":2,"7":125,"8":2,"9":2,"10":2,"11":2,"12":2,"13":125,"14":2,"15":2,"16":125,"17":2},"f":{"0":126,"1":125,"2":125,"3":2,"4":125,"5":125},"b":{},"meta":{"lastBranch":0,"lastFunction":6,"lastStatement":18,"seen":{"s:5:13:17:Infinity":0,"f:8:2:8:3":0,"s:9:2:16:Infinity":1,"s:18:0:18:Infinity":2,"s:20:19:29:Infinity":3,"f:23:2:23:3":1,"s:24:2:28:Infinity":4,"s:30:0:30:Infinity":5,"s:32:18:41:Infinity":6,"f:35:2:35:3":2,"s:36:2:40:Infinity":7,"s:42:0:42:Infinity":8,"s:44:24:53:Infinity":9,"f:47:2:47:3":3,"s:48:2:52:Infinity":10,"s:54:0:54:Infinity":11,"s:56:20:61:Infinity":12,"f:59:2:59:3":4,"s:60:2:60:Infinity":13,"s:62:0:62:Infinity":14,"s:64:19:73:Infinity":15,"f:67:2:67:3":5,"s:68:2:72:Infinity":16,"s:74:0:74:Infinity":17}}}
,"C:\\Users\\macie\\10xdevs\\masz-pan\\src\\components\\ui\\input.tsx": {"path":"C:\\Users\\macie\\10xdevs\\masz-pan\\src\\components\\ui\\input.tsx","statementMap":{"0":{"start":{"line":6,"column":2},"end":{"line":17,"column":null}}},"fnMap":{"0":{"name":"Input","decl":{"start":{"line":5,"column":9},"end":{"line":5,"column":15}},"loc":{"start":{"line":5,"column":77},"end":{"line":19,"column":null}},"line":5}},"branchMap":{},"s":{"0":246},"f":{"0":246},"b":{},"meta":{"lastBranch":0,"lastFunction":1,"lastStatement":1,"seen":{"f:5:9:5:15":0,"s:6:2:17:Infinity":0}}}
,"C:\\Users\\macie\\10xdevs\\masz-pan\\src\\components\\ui\\label.tsx": {"path":"C:\\Users\\macie\\10xdevs\\masz-pan\\src\\components\\ui\\label.tsx","statementMap":{"0":{"start":{"line":10,"column":2},"end":{"line":18,"column":null}}},"fnMap":{"0":{"name":"Label","decl":{"start":{"line":6,"column":9},"end":{"line":6,"column":15}},"loc":{"start":{"line":9,"column":53},"end":{"line":20,"column":null}},"line":9}},"branchMap":{},"s":{"0":246},"f":{"0":246},"b":{},"meta":{"lastBranch":0,"lastFunction":1,"lastStatement":1,"seen":{"f:6:9:6:15":0,"s:10:2:18:Infinity":0}}}
,"C:\\Users\\macie\\10xdevs\\masz-pan\\src\\lib\\utils.ts": {"path":"C:\\Users\\macie\\10xdevs\\masz-pan\\src\\lib\\utils.ts","statementMap":{"0":{"start":{"line":5,"column":2},"end":{"line":5,"column":null}},"1":{"start":{"line":9,"column":2},"end":{"line":11,"column":null}},"2":{"start":{"line":10,"column":4},"end":{"line":10,"column":null}},"3":{"start":{"line":13,"column":2},"end":{"line":13,"column":null}},"4":{"start":{"line":17,"column":22},"end":{"line":17,"column":null}},"5":{"start":{"line":18,"column":2},"end":{"line":21,"column":null}},"6":{"start":{"line":19,"column":4},"end":{"line":19,"column":null}},"7":{"start":{"line":20,"column":4},"end":{"line":20,"column":null}},"8":{"start":{"line":23,"column":25},"end":{"line":23,"column":null}},"9":{"start":{"line":24,"column":24},"end":{"line":24,"column":null}},"10":{"start":{"line":26,"column":2},"end":{"line":26,"column":null}}},"fnMap":{"0":{"name":"cn","decl":{"start":{"line":4,"column":16},"end":{"line":4,"column":22}},"loc":{"start":{"line":4,"column":44},"end":{"line":6,"column":null}},"line":4},"1":{"name":"resolveSupabaseUrl","decl":{"start":{"line":8,"column":9},"end":{"line":8,"column":50}},"loc":{"start":{"line":8,"column":50},"end":{"line":14,"column":null}},"line":8},"2":{"name":"getToolImagePublicUrl","decl":{"start":{"line":16,"column":16},"end":{"line":16,"column":38}},"loc":{"start":{"line":16,"column":66},"end":{"line":27,"column":null}},"line":16}},"branchMap":{"0":{"loc":{"start":{"line":9,"column":2},"end":{"line":11,"column":null}},"type":"if","locations":[{"start":{"line":9,"column":2},"end":{"line":11,"column":null}},{"start":{},"end":{}}],"line":9},"1":{"loc":{"start":{"line":9,"column":6},"end":{"line":9,"column":62}},"type":"binary-expr","locations":[{"start":{"line":9,"column":6},"end":{"line":9,"column":39}},{"start":{"line":9,"column":39},"end":{"line":9,"column":62}}],"line":9},"2":{"loc":{"start":{"line":18,"column":2},"end":{"line":21,"column":null}},"type":"if","locations":[{"start":{"line":18,"column":2},"end":{"line":21,"column":null}},{"start":{},"end":{}}],"line":18}},"s":{"0":1250,"1":6,"2":1,"3":5,"4":6,"5":6,"6":1,"7":1,"8":5,"9":5,"10":5},"f":{"0":1250,"1":6,"2":6},"b":{"0":[1,5],"1":[6,6],"2":[1,5]},"meta":{"lastBranch":3,"lastFunction":3,"lastStatement":11,"seen":{"f:4:16:4:22":0,"s:5:2:5:Infinity":0,"f:8:9:8:50":1,"b:9:2:11:Infinity:undefined:undefined:undefined:undefined":0,"s:9:2:11:Infinity":1,"b:9:6:9:39:9:39:9:62":1,"s:10:4:10:Infinity":2,"s:13:2:13:Infinity":3,"f:16:16:16:38":2,"s:17:22:17:Infinity":4,"b:18:2:21:Infinity:undefined:undefined:undefined:undefined":2,"s:18:2:21:Infinity":5,"s:19:4:19:Infinity":6,"s:20:4:20:Infinity":7,"s:23:25:23:Infinity":8,"s:24:24:24:Infinity":9,"s:26:2:26:Infinity":10}}}
,"C:\\Users\\macie\\10xdevs\\masz-pan\\src\\lib\\schemas\\auth.schema.ts": {"path":"C:\\Users\\macie\\10xdevs\\masz-pan\\src\\lib\\schemas\\auth.schema.ts","statementMap":{"0":{"start":{"line":3,"column":27},"end":{"line":6,"column":null}},"1":{"start":{"line":8,"column":30},"end":{"line":11,"column":null}},"2":{"start":{"line":13,"column":36},"end":{"line":15,"column":null}},"3":{"start":{"line":17,"column":36},"end":{"line":19,"column":null}}},"fnMap":{},"branchMap":{},"s":{"0":1,"1":1,"2":1,"3":1},"f":{},"b":{},"meta":{"lastBranch":0,"lastFunction":0,"lastStatement":4,"seen":{"s:3:27:6:Infinity":0,"s:8:30:11:Infinity":1,"s:13:36:15:Infinity":2,"s:17:36:19:Infinity":3}}}
}
