{"C:\\Users\\macie\\10xdevs\\masz-pan\\src\\components\\hooks\\useMyToolsManager.ts": {"path":"C:\\Users\\macie\\10xdevs\\masz-pan\\src\\components\\hooks\\useMyToolsManager.ts","statementMap":{"0":{"start":{"line":19,"column":30},"end":{"line":30,"column":null}},"1":{"start":{"line":19,"column":75},"end":{"line":30,"column":null}},"2":{"start":{"line":32,"column":19},"end":{"line":32,"column":null}},"3":{"start":{"line":34,"column":33},"end":{"line":149,"column":null}},"4":{"start":{"line":35,"column":24},"end":{"line":35,"column":null}},"5":{"start":{"line":36,"column":38},"end":{"line":36,"column":null}},"6":{"start":{"line":37,"column":32},"end":{"line":37,"column":null}},"7":{"start":{"line":38,"column":24},"end":{"line":38,"column":null}},"8":{"start":{"line":39,"column":34},"end":{"line":39,"column":null}},"9":{"start":{"line":40,"column":36},"end":{"line":40,"column":null}},"10":{"start":{"line":41,"column":40},"end":{"line":41,"column":null}},"11":{"start":{"line":43,"column":8},"end":{"line":63,"column":null}},"12":{"start":{"line":44,"column":4},"end":{"line":44,"column":null}},"13":{"start":{"line":45,"column":4},"end":{"line":45,"column":null}},"14":{"start":{"line":46,"column":4},"end":{"line":62,"column":null}},"15":{"start":{"line":47,"column":21},"end":{"line":51,"column":null}},"16":{"start":{"line":53,"column":25},"end":{"line":53,"column":null}},"17":{"start":{"line":55,"column":6},"end":{"line":55,"column":null}},"18":{"start":{"line":55,"column":31},"end":{"line":55,"column":83}},"19":{"start":{"line":56,"column":6},"end":{"line":56,"column":null}},"20":{"start":{"line":57,"column":6},"end":{"line":57,"column":null}},"21":{"start":{"line":59,"column":6},"end":{"line":59,"column":null}},"22":{"start":{"line":61,"column":6},"end":{"line":61,"column":null}},"23":{"start":{"line":65,"column":8},"end":{"line":73,"column":null}},"24":{"start":{"line":67,"column":6},"end":{"line":67,"column":null}},"25":{"start":{"line":68,"column":6},"end":{"line":68,"column":null}},"26":{"start":{"line":69,"column":6},"end":{"line":69,"column":null}},"27":{"start":{"line":70,"column":6},"end":{"line":70,"column":null}},"28":{"start":{"line":75,"column":8},"end":{"line":79,"column":null}},"29":{"start":{"line":76,"column":4},"end":{"line":78,"column":null}},"30":{"start":{"line":77,"column":6},"end":{"line":77,"column":null}},"31":{"start":{"line":81,"column":8},"end":{"line":111,"column":null}},"32":{"start":{"line":84,"column":28},"end":{"line":84,"column":null}},"33":{"start":{"line":86,"column":6},"end":{"line":100,"column":null}},"34":{"start":{"line":87,"column":8},"end":{"line":99,"column":null}},"35":{"start":{"line":88,"column":10},"end":{"line":97,"column":null}},"36":{"start":{"line":89,"column":12},"end":{"line":96,"column":null}},"37":{"start":{"line":98,"column":10},"end":{"line":98,"column":null}},"38":{"start":{"line":101,"column":6},"end":{"line":108,"column":null}},"39":{"start":{"line":102,"column":8},"end":{"line":102,"column":null}},"40":{"start":{"line":104,"column":8},"end":{"line":104,"column":null}},"41":{"start":{"line":106,"column":8},"end":{"line":106,"column":null}},"42":{"start":{"line":113,"column":8},"end":{"line":115,"column":null}},"43":{"start":{"line":114,"column":4},"end":{"line":114,"column":null}},"44":{"start":{"line":117,"column":8},"end":{"line":119,"column":null}},"45":{"start":{"line":118,"column":4},"end":{"line":118,"column":null}},"46":{"start":{"line":121,"column":8},"end":{"line":128,"column":null}},"47":{"start":{"line":122,"column":4},"end":{"line":127,"column":null}},"48":{"start":{"line":123,"column":6},"end":{"line":123,"column":null}},"49":{"start":{"line":124,"column":6},"end":{"line":124,"column":null}},"50":{"start":{"line":126,"column":6},"end":{"line":126,"column":null}},"51":{"start":{"line":126,"column":25},"end":{"line":126,"column":70}},"52":{"start":{"line":126,"column":44},"end":{"line":126,"column":69}},"53":{"start":{"line":131,"column":2},"end":{"line":133,"column":null}},"54":{"start":{"line":132,"column":4},"end":{"line":132,"column":null}},"55":{"start":{"line":135,"column":2},"end":{"line":148,"column":null}}},"fnMap":{"0":{"name":"(anonymous_0)","decl":{"start":{"line":19,"column":30},"end":{"line":19,"column":31}},"loc":{"start":{"line":19,"column":75},"end":{"line":30,"column":null}},"line":19},"1":{"name":"(anonymous_1)","decl":{"start":{"line":34,"column":33},"end":{"line":34,"column":39}},"loc":{"start":{"line":34,"column":39},"end":{"line":149,"column":null}},"line":34},"2":{"name":"(anonymous_2)","decl":{"start":{"line":43,"column":33},"end":{"line":43,"column":40}},"loc":{"start":{"line":43,"column":94},"end":{"line":63,"column":5}},"line":43},"3":{"name":"(anonymous_3)","decl":{"start":{"line":55,"column":15},"end":{"line":55,"column":16}},"loc":{"start":{"line":55,"column":31},"end":{"line":55,"column":83}},"line":55},"4":{"name":"(anonymous_4)","decl":{"start":{"line":66,"column":4},"end":{"line":66,"column":5}},"loc":{"start":{"line":66,"column":39},"end":{"line":71,"column":null}},"line":66},"5":{"name":"(anonymous_5)","decl":{"start":{"line":75,"column":31},"end":{"line":75,"column":37}},"loc":{"start":{"line":75,"column":37},"end":{"line":79,"column":5}},"line":75},"6":{"name":"(anonymous_6)","decl":{"start":{"line":82,"column":4},"end":{"line":82,"column":11}},"loc":{"start":{"line":82,"column":53},"end":{"line":109,"column":null}},"line":82},"7":{"name":"(anonymous_7)","decl":{"start":{"line":86,"column":15},"end":{"line":86,"column":16}},"loc":{"start":{"line":87,"column":8},"end":{"line":99,"column":null}},"line":87},"8":{"name":"(anonymous_8)","decl":{"start":{"line":87,"column":22},"end":{"line":87,"column":23}},"loc":{"start":{"line":87,"column":32},"end":{"line":99,"column":9}},"line":87},"9":{"name":"(anonymous_9)","decl":{"start":{"line":113,"column":40},"end":{"line":113,"column":41}},"loc":{"start":{"line":113,"column":75},"end":{"line":115,"column":5}},"line":113},"10":{"name":"(anonymous_10)","decl":{"start":{"line":117,"column":41},"end":{"line":117,"column":47}},"loc":{"start":{"line":117,"column":47},"end":{"line":119,"column":5}},"line":117},"11":{"name":"(anonymous_11)","decl":{"start":{"line":121,"column":37},"end":{"line":121,"column":49}},"loc":{"start":{"line":121,"column":49},"end":{"line":128,"column":5}},"line":121},"12":{"name":"(anonymous_12)","decl":{"start":{"line":126,"column":15},"end":{"line":126,"column":16}},"loc":{"start":{"line":126,"column":25},"end":{"line":126,"column":70}},"line":126},"13":{"name":"(anonymous_13)","decl":{"start":{"line":126,"column":37},"end":{"line":126,"column":38}},"loc":{"start":{"line":126,"column":44},"end":{"line":126,"column":69}},"line":126},"14":{"name":"(anonymous_14)","decl":{"start":{"line":131,"column":12},"end":{"line":131,"column":18}},"loc":{"start":{"line":131,"column":18},"end":{"line":133,"column":5}},"line":131}},"branchMap":{"0":{"loc":{"start":{"line":50,"column":16},"end":{"line":50,"column":null}},"type":"binary-expr","locations":[{"start":{"line":50,"column":16},"end":{"line":50,"column":26}},{"start":{"line":50,"column":26},"end":{"line":50,"column":null}}],"line":50},"1":{"loc":{"start":{"line":55,"column":31},"end":{"line":55,"column":83}},"type":"cond-expr","locations":[{"start":{"line":55,"column":40},"end":{"line":55,"column":72}},{"start":{"line":55,"column":72},"end":{"line":55,"column":83}}],"line":55},"2":{"loc":{"start":{"line":76,"column":4},"end":{"line":78,"column":null}},"type":"if","locations":[{"start":{"line":76,"column":4},"end":{"line":78,"column":null}},{"start":{},"end":{}}],"line":76},"3":{"loc":{"start":{"line":76,"column":8},"end":{"line":76,"column":35}},"type":"binary-expr","locations":[{"start":{"line":76,"column":8},"end":{"line":76,"column":23}},{"start":{"line":76,"column":23},"end":{"line":76,"column":35}}],"line":76},"4":{"loc":{"start":{"line":88,"column":10},"end":{"line":97,"column":null}},"type":"if","locations":[{"start":{"line":88,"column":10},"end":{"line":97,"column":null}},{"start":{},"end":{}}],"line":88},"5":{"loc":{"start":{"line":122,"column":4},"end":{"line":127,"column":null}},"type":"if","locations":[{"start":{"line":122,"column":4},"end":{"line":127,"column":null}},{"start":{},"end":{}}],"line":122}},"s":{"0":1,"1":13,"2":1,"3":1,"4":33,"5":33,"6":33,"7":33,"8":33,"9":33,"10":33,"11":33,"12":15,"13":15,"14":15,"15":15,"16":14,"17":14,"18":14,"19":14,"20":14,"21":1,"22":15,"23":33,"24":2,"25":2,"26":2,"27":2,"28":33,"29":3,"30":1,"31":33,"32":2,"33":2,"34":2,"35":3,"36":2,"37":1,"38":2,"39":2,"40":1,"41":1,"42":33,"43":2,"44":33,"45":1,"46":33,"47":2,"48":1,"49":1,"50":1,"51":1,"52":2,"53":33,"54":12,"55":33},"f":{"0":13,"1":33,"2":15,"3":14,"4":2,"5":3,"6":2,"7":2,"8":3,"9":2,"10":1,"11":2,"12":1,"13":2,"14":12},"b":{"0":[15,14],"1":[1,13],"2":[1,2],"3":[3,2],"4":[2,1],"5":[1,1]},"meta":{"lastBranch":6,"lastFunction":15,"lastStatement":56,"seen":{"s:19:30:30:Infinity":0,"f:19:30:19:31":0,"s:19:75:30:Infinity":1,"s:32:19:32:Infinity":2,"s:34:33:149:Infinity":3,"f:34:33:34:39":1,"s:35:24:35:Infinity":4,"s:36:38:36:Infinity":5,"s:37:32:37:Infinity":6,"s:38:24:38:Infinity":7,"s:39:34:39:Infinity":8,"s:40:36:40:Infinity":9,"s:41:40:41:Infinity":10,"s:43:8:63:Infinity":11,"f:43:33:43:40":2,"s:44:4:44:Infinity":12,"s:45:4:45:Infinity":13,"s:46:4:62:Infinity":14,"s:47:21:51:Infinity":15,"b:50:16:50:26:50:26:50:Infinity":0,"s:53:25:53:Infinity":16,"s:55:6:55:Infinity":17,"f:55:15:55:16":3,"s:55:31:55:83":18,"b:55:40:55:72:55:72:55:83":1,"s:56:6:56:Infinity":19,"s:57:6:57:Infinity":20,"s:59:6:59:Infinity":21,"s:61:6:61:Infinity":22,"s:65:8:73:Infinity":23,"f:66:4:66:5":4,"s:67:6:67:Infinity":24,"s:68:6:68:Infinity":25,"s:69:6:69:Infinity":26,"s:70:6:70:Infinity":27,"s:75:8:79:Infinity":28,"f:75:31:75:37":5,"b:76:4:78:Infinity:undefined:undefined:undefined:undefined":2,"s:76:4:78:Infinity":29,"b:76:8:76:23:76:23:76:35":3,"s:77:6:77:Infinity":30,"s:81:8:111:Infinity":31,"f:82:4:82:11":6,"s:84:28:84:Infinity":32,"s:86:6:100:Infinity":33,"f:86:15:86:16":7,"s:87:8:99:Infinity":34,"f:87:22:87:23":8,"b:88:10:97:Infinity:undefined:undefined:undefined:undefined":4,"s:88:10:97:Infinity":35,"s:89:12:96:Infinity":36,"s:98:10:98:Infinity":37,"s:101:6:108:Infinity":38,"s:102:8:102:Infinity":39,"s:104:8:104:Infinity":40,"s:106:8:106:Infinity":41,"s:113:8:115:Infinity":42,"f:113:40:113:41":9,"s:114:4:114:Infinity":43,"s:117:8:119:Infinity":44,"f:117:41:117:47":10,"s:118:4:118:Infinity":45,"s:121:8:128:Infinity":46,"f:121:37:121:49":11,"b:122:4:127:Infinity:undefined:undefined:undefined:undefined":5,"s:122:4:127:Infinity":47,"s:123:6:123:Infinity":48,"s:124:6:124:Infinity":49,"s:126:6:126:Infinity":50,"f:126:15:126:16":12,"s:126:25:126:70":51,"f:126:37:126:38":13,"s:126:44:126:69":52,"s:131:2:133:Infinity":53,"f:131:12:131:18":14,"s:132:4:132:Infinity":54,"s:135:2:148:Infinity":55}}}
}
