TN:
SF:src\components\hooks\useMyToolsManager.ts
FN:19,(anonymous_0)
FN:34,(anonymous_1)
FN:43,(anonymous_2)
FN:55,(anonymous_3)
FN:66,(anonymous_4)
FN:75,(anonymous_5)
FN:82,(anonymous_6)
FN:86,(anonymous_7)
FN:87,(anonymous_8)
FN:113,(anonymous_9)
FN:117,(anonymous_10)
FN:121,(anonymous_11)
FN:126,(anonymous_12)
FN:126,(anonymous_13)
FN:131,(anonymous_14)
FNF:15
FNH:15
FNDA:13,(anonymous_0)
FNDA:33,(anonymous_1)
FNDA:15,(anonymous_2)
FNDA:14,(anonymous_3)
FNDA:2,(anonymous_4)
FNDA:3,(anonymous_5)
FNDA:2,(anonymous_6)
FNDA:2,(anonymous_7)
FNDA:3,(anonymous_8)
FNDA:2,(anonymous_9)
FNDA:1,(anonymous_10)
FNDA:2,(anonymous_11)
FNDA:1,(anonymous_12)
FNDA:2,(anonymous_13)
FNDA:12,(anonymous_14)
DA:19,13
DA:32,1
DA:34,1
DA:35,33
DA:36,33
DA:37,33
DA:38,33
DA:39,33
DA:40,33
DA:41,33
DA:43,33
DA:44,15
DA:45,15
DA:46,15
DA:47,15
DA:53,14
DA:55,14
DA:56,14
DA:57,14
DA:59,1
DA:61,15
DA:65,33
DA:67,2
DA:68,2
DA:69,2
DA:70,2
DA:75,33
DA:76,3
DA:77,1
DA:81,33
DA:84,2
DA:86,2
DA:87,2
DA:88,3
DA:89,2
DA:98,1
DA:101,2
DA:102,2
DA:104,1
DA:106,1
DA:113,33
DA:114,2
DA:117,33
DA:118,1
DA:121,33
DA:122,2
DA:123,1
DA:124,1
DA:126,2
DA:131,33
DA:132,12
DA:135,33
LF:52
LH:52
BRDA:50,0,0,15
BRDA:50,0,1,14
BRDA:55,1,0,1
BRDA:55,1,1,13
BRDA:76,2,0,1
BRDA:76,2,1,2
BRDA:76,3,0,3
BRDA:76,3,1,2
BRDA:88,4,0,2
BRDA:88,4,1,1
BRDA:122,5,0,1
BRDA:122,5,1,1
BRF:12
BRH:12
end_of_record
