TN:
SF:src\components\auth\LoginForm.tsx
FN:7,LoginForm
FN:13,(anonymous_1)
FN:51,(anonymous_2)
FN:62,(anonymous_3)
FNF:4
FNH:4
FNDA:123,LoginForm
FNDA:3,(anonymous_1)
FNDA:64,(anonymous_2)
FNDA:48,(anonymous_3)
DA:8,123
DA:9,123
DA:10,123
DA:11,123
DA:13,123
DA:14,3
DA:15,3
DA:16,3
DA:18,3
DA:26,3
DA:28,3
DA:29,1
DA:31,2
DA:32,2
DA:36,123
DA:51,64
DA:62,48
LF:17
LH:17
BRDA:28,0,0,1
BRDA:28,0,1,2
BRDA:32,1,0,2
BRDA:32,1,1,1
BRDA:67,2,0,123
BRDA:67,2,1,2
BRDA:69,3,0,3
BRDA:69,3,1,120
BRF:8
BRH:8
end_of_record
TN:
SF:src\components\hooks\useMyToolsManager.ts
FN:19,(anonymous_0)
FN:34,(anonymous_1)
FN:43,(anonymous_2)
FN:55,(anonymous_3)
FN:66,(anonymous_4)
FN:75,(anonymous_5)
FN:82,(anonymous_6)
FN:86,(anonymous_7)
FN:87,(anonymous_8)
FN:113,(anonymous_9)
FN:117,(anonymous_10)
FN:121,(anonymous_11)
FN:126,(anonymous_12)
FN:126,(anonymous_13)
FN:131,(anonymous_14)
FNF:15
FNH:15
FNDA:13,(anonymous_0)
FNDA:33,(anonymous_1)
FNDA:15,(anonymous_2)
FNDA:14,(anonymous_3)
FNDA:2,(anonymous_4)
FNDA:3,(anonymous_5)
FNDA:2,(anonymous_6)
FNDA:2,(anonymous_7)
FNDA:3,(anonymous_8)
FNDA:2,(anonymous_9)
FNDA:1,(anonymous_10)
FNDA:2,(anonymous_11)
FNDA:1,(anonymous_12)
FNDA:2,(anonymous_13)
FNDA:12,(anonymous_14)
DA:19,13
DA:32,1
DA:34,1
DA:35,33
DA:36,33
DA:37,33
DA:38,33
DA:39,33
DA:40,33
DA:41,33
DA:43,33
DA:44,15
DA:45,15
DA:46,15
DA:47,15
DA:53,14
DA:55,14
DA:56,14
DA:57,14
DA:59,1
DA:61,15
DA:65,33
DA:67,2
DA:68,2
DA:69,2
DA:70,2
DA:75,33
DA:76,3
DA:77,1
DA:81,33
DA:84,2
DA:86,2
DA:87,2
DA:88,3
DA:89,2
DA:98,1
DA:101,2
DA:102,2
DA:104,1
DA:106,1
DA:113,33
DA:114,2
DA:117,33
DA:118,1
DA:121,33
DA:122,2
DA:123,1
DA:124,1
DA:126,2
DA:131,33
DA:132,12
DA:135,33
LF:52
LH:52
BRDA:50,0,0,15
BRDA:50,0,1,14
BRDA:55,1,0,1
BRDA:55,1,1,13
BRDA:76,2,0,1
BRDA:76,2,1,2
BRDA:76,3,0,3
BRDA:76,3,1,2
BRDA:88,4,0,2
BRDA:88,4,1,1
BRDA:122,5,0,1
BRDA:122,5,1,1
BRF:12
BRH:12
end_of_record
TN:
SF:src\components\ui\button.tsx
FN:38,Button
FNF:1
FNH:1
FNDA:130,Button
DA:7,2
DA:48,130
DA:50,130
LF:3
LH:3
BRDA:42,0,0,130
BRDA:48,1,0,1
BRDA:48,1,1,129
BRF:3
BRH:3
end_of_record
TN:
SF:src\components\ui\card.tsx
FN:8,(anonymous_0)
FN:23,(anonymous_1)
FN:35,(anonymous_2)
FN:47,(anonymous_3)
FN:59,(anonymous_4)
FN:67,(anonymous_5)
FNF:6
FNH:6
FNDA:126,(anonymous_0)
FNDA:125,(anonymous_1)
FNDA:125,(anonymous_2)
FNDA:2,(anonymous_3)
FNDA:125,(anonymous_4)
FNDA:125,(anonymous_5)
DA:5,2
DA:9,126
DA:18,2
DA:20,2
DA:24,125
DA:30,2
DA:32,2
DA:36,125
DA:42,2
DA:44,2
DA:48,2
DA:54,2
DA:56,2
DA:60,125
DA:62,2
DA:64,2
DA:68,125
DA:74,2
LF:18
LH:18
BRF:0
BRH:0
end_of_record
TN:
SF:src\components\ui\input.tsx
FN:5,Input
FNF:1
FNH:1
FNDA:246,Input
DA:6,246
LF:1
LH:1
BRF:0
BRH:0
end_of_record
TN:
SF:src\components\ui\label.tsx
FN:6,Label
FNF:1
FNH:1
FNDA:246,Label
DA:10,246
LF:1
LH:1
BRF:0
BRH:0
end_of_record
TN:
SF:src\lib\utils.ts
FN:4,cn
FN:8,resolveSupabaseUrl
FN:16,getToolImagePublicUrl
FNF:3
FNH:3
FNDA:1250,cn
FNDA:6,resolveSupabaseUrl
FNDA:6,getToolImagePublicUrl
DA:5,1250
DA:9,6
DA:10,1
DA:13,5
DA:17,6
DA:18,6
DA:19,1
DA:20,1
DA:23,5
DA:24,5
DA:26,5
LF:11
LH:11
BRDA:9,0,0,1
BRDA:9,0,1,5
BRDA:9,1,0,6
BRDA:9,1,1,6
BRDA:18,2,0,1
BRDA:18,2,1,5
BRF:6
BRH:6
end_of_record
TN:
SF:src\lib\schemas\auth.schema.ts
FNF:0
FNH:0
DA:3,1
DA:8,1
DA:13,1
DA:17,1
LF:4
LH:4
BRF:0
BRH:0
end_of_record
